2016-11-14 12:32:13 - PHP Notice:  Undefined variable: site_key in C:\Server\OpenServer\domains\adastra.local\catalog\view\theme\default\template\information\contact.tpl on line 139
2016-11-14 12:34:35 - PHP Notice:  Undefined variable: site_key in C:\Server\OpenServer\domains\adastra.local\catalog\view\theme\default\template\information\contact.tpl on line 139
2016-11-14 12:35:19 - PHP Notice:  Undefined variable: site_key in C:\Server\OpenServer\domains\adastra.local\catalog\view\theme\default\template\information\contact.tpl on line 139
2016-11-14 12:35:20 - PHP Notice:  Undefined variable: site_key in C:\Server\OpenServer\domains\adastra.local\catalog\view\theme\default\template\information\contact.tpl on line 139
2016-11-14 12:37:22 - PHP Notice:  Undefined variable: site_key in C:\Server\OpenServer\domains\adastra.local\catalog\view\theme\default\template\information\contact.tpl on line 139
2016-11-14 12:37:30 - PHP Notice:  Undefined variable: site_key in C:\Server\OpenServer\domains\adastra.local\catalog\view\theme\default\template\information\contact.tpl on line 139
2016-11-14 12:37:33 - PHP Notice:  Undefined variable: site_key in C:\Server\OpenServer\domains\adastra.local\catalog\view\theme\default\template\information\contact.tpl on line 139
2016-11-14 12:39:34 - PHP Notice:  Undefined variable: site_key in C:\Server\OpenServer\domains\adastra.local\catalog\view\theme\default\template\information\contact.tpl on line 139
2016-11-14 12:39:35 - PHP Notice:  Undefined variable: site_key in C:\Server\OpenServer\domains\adastra.local\catalog\view\theme\default\template\information\contact.tpl on line 139
2016-11-14 12:42:40 - PHP Notice:  Undefined variable: site_key in C:\Server\OpenServer\domains\adastra.local\catalog\view\theme\default\template\information\contact.tpl on line 139
2016-11-14 12:42:44 - PHP Notice:  Undefined variable: site_key in C:\Server\OpenServer\domains\adastra.local\catalog\view\theme\default\template\information\contact.tpl on line 139
2016-11-14 12:44:04 - PHP Notice:  Undefined variable: site_key in C:\Server\OpenServer\domains\adastra.local\catalog\view\theme\default\template\information\contact.tpl on line 138
2016-11-14 12:45:46 - PHP Notice:  Undefined variable: site_key in C:\Server\OpenServer\domains\adastra.local\catalog\view\theme\default\template\information\contact.tpl on line 138
2016-11-14 12:46:19 - PHP Notice:  Undefined variable: site_key in C:\Server\OpenServer\domains\adastra.local\catalog\view\theme\default\template\information\contact.tpl on line 138
2016-11-14 12:46:30 - PHP Notice:  Undefined variable: site_key in C:\Server\OpenServer\domains\adastra.local\catalog\view\theme\default\template\information\contact.tpl on line 138
2016-11-14 12:48:03 - PHP Notice:  Undefined variable: site_key in C:\Server\OpenServer\domains\adastra.local\catalog\view\theme\default\template\information\contact.tpl on line 138
2016-11-14 12:48:04 - PHP Notice:  Undefined variable: site_key in C:\Server\OpenServer\domains\adastra.local\catalog\view\theme\default\template\information\contact.tpl on line 138
2016-11-14 12:50:04 - PHP Notice:  Undefined variable: site_key in C:\Server\OpenServer\domains\adastra.local\catalog\view\theme\default\template\information\contact.tpl on line 138
2016-11-14 12:50:05 - PHP Notice:  Undefined variable: site_key in C:\Server\OpenServer\domains\adastra.local\catalog\view\theme\default\template\information\contact.tpl on line 138
2016-11-14 12:50:05 - PHP Notice:  Undefined variable: site_key in C:\Server\OpenServer\domains\adastra.local\catalog\view\theme\default\template\information\contact.tpl on line 138
2016-11-14 12:51:22 - PHP Notice:  Undefined variable: site_key in C:\Server\OpenServer\domains\adastra.local\catalog\view\theme\default\template\information\contact.tpl on line 138
2016-11-14 12:52:04 - PHP Notice:  Undefined variable: site_key in C:\Server\OpenServer\domains\adastra.local\catalog\view\theme\default\template\information\contact.tpl on line 138
2016-11-14 12:53:52 - PHP Notice:  Undefined variable: site_key in C:\Server\OpenServer\domains\adastra.local\catalog\view\theme\default\template\information\contact.tpl on line 138
2016-11-14 12:53:59 - PHP Notice:  Undefined variable: site_key in C:\Server\OpenServer\domains\adastra.local\catalog\view\theme\default\template\information\contact.tpl on line 138
2016-11-14 12:55:04 - PHP Notice:  Undefined variable: site_key in C:\Server\OpenServer\domains\adastra.local\catalog\view\theme\default\template\information\contact.tpl on line 138
2016-11-14 12:55:30 - PHP Notice:  Undefined variable: site_key in C:\Server\OpenServer\domains\adastra.local\catalog\view\theme\default\template\information\contact.tpl on line 138
2016-11-14 12:55:39 - PHP Notice:  Undefined variable: site_key in C:\Server\OpenServer\domains\adastra.local\catalog\view\theme\default\template\information\contact.tpl on line 138
2016-11-14 12:56:02 - PHP Notice:  Undefined variable: site_key in C:\Server\OpenServer\domains\adastra.local\catalog\view\theme\default\template\information\contact.tpl on line 138
2016-11-14 12:56:46 - PHP Notice:  Undefined variable: site_key in C:\Server\OpenServer\domains\adastra.local\catalog\view\theme\default\template\information\contact.tpl on line 138
2016-11-14 12:58:11 - PHP Notice:  Undefined variable: site_key in C:\Server\OpenServer\domains\adastra.local\catalog\view\theme\default\template\information\contact.tpl on line 134
2016-11-14 13:00:44 - PHP Notice:  Undefined variable: site_key in C:\Server\OpenServer\domains\adastra.local\catalog\view\theme\default\template\information\contact.tpl on line 134
2016-11-14 13:02:22 - PHP Notice:  Undefined variable: site_key in C:\Server\OpenServer\domains\adastra.local\catalog\view\theme\default\template\information\contact.tpl on line 104
2016-11-14 13:03:38 - PHP Notice:  Undefined variable: text_grafick in C:\Server\OpenServer\domains\adastra.local\catalog\view\theme\default\template\information\contact.tpl on line 42
2016-11-14 13:03:38 - PHP Notice:  Undefined variable: config_open in C:\Server\OpenServer\domains\adastra.local\catalog\view\theme\default\template\information\contact.tpl on line 48
2016-11-14 13:03:38 - PHP Notice:  Undefined variable: text_email in C:\Server\OpenServer\domains\adastra.local\catalog\view\theme\default\template\information\contact.tpl on line 66
2016-11-14 13:03:38 - PHP Notice:  Undefined variable: config_email in C:\Server\OpenServer\domains\adastra.local\catalog\view\theme\default\template\information\contact.tpl on line 72
2016-11-14 13:03:38 - PHP Notice:  Undefined variable: site_key in C:\Server\OpenServer\domains\adastra.local\catalog\view\theme\default\template\information\contact.tpl on line 155
2016-11-14 13:04:13 - PHP Notice:  Undefined variable: text_grafick in C:\Server\OpenServer\domains\adastra.local\catalog\view\theme\default\template\information\contact.tpl on line 41
2016-11-14 13:04:13 - PHP Notice:  Undefined variable: config_open in C:\Server\OpenServer\domains\adastra.local\catalog\view\theme\default\template\information\contact.tpl on line 47
2016-11-14 13:04:13 - PHP Notice:  Undefined variable: text_email in C:\Server\OpenServer\domains\adastra.local\catalog\view\theme\default\template\information\contact.tpl on line 65
2016-11-14 13:04:13 - PHP Notice:  Undefined variable: config_email in C:\Server\OpenServer\domains\adastra.local\catalog\view\theme\default\template\information\contact.tpl on line 71
2016-11-14 13:04:13 - PHP Notice:  Undefined variable: site_key in C:\Server\OpenServer\domains\adastra.local\catalog\view\theme\default\template\information\contact.tpl on line 153
2016-11-14 13:05:34 - PHP Notice:  Undefined variable: site_key in C:\Server\OpenServer\domains\adastra.local\catalog\view\theme\default\template\information\contact.tpl on line 105
2016-11-14 13:06:57 - PHP Notice:  Undefined variable: site_key in C:\Server\OpenServer\domains\adastra.local\catalog\view\theme\default\template\information\contact.tpl on line 134
2016-11-14 13:08:08 - PHP Notice:  Undefined variable: site_key in C:\Server\OpenServer\domains\adastra.local\catalog\view\theme\default\template\information\contact.tpl on line 136
2016-11-14 13:09:18 - PHP Notice:  Undefined variable: site_key in C:\Server\OpenServer\domains\adastra.local\catalog\view\theme\default\template\information\contact.tpl on line 136
2016-11-14 13:09:38 - PHP Notice:  Undefined variable: site_key in C:\Server\OpenServer\domains\adastra.local\catalog\view\theme\default\template\information\contact.tpl on line 134
2016-11-14 13:11:55 - PHP Notice:  Undefined variable: site_key in C:\Server\OpenServer\domains\adastra.local\catalog\view\theme\default\template\information\contact.tpl on line 131
2016-11-14 13:12:35 - PHP Notice:  Undefined variable: site_key in C:\Server\OpenServer\domains\adastra.local\catalog\view\theme\default\template\information\contact.tpl on line 128
2016-11-14 13:14:57 - PHP Notice:  Undefined variable: site_key in C:\Server\OpenServer\domains\adastra.local\catalog\view\theme\default\template\information\contact.tpl on line 128
2016-11-14 13:15:29 - PHP Notice:  Undefined variable: site_key in C:\Server\OpenServer\domains\adastra.local\catalog\view\theme\default\template\information\contact.tpl on line 128
2016-11-14 13:16:40 - PHP Notice:  Undefined variable: site_key in C:\Server\OpenServer\domains\adastra.local\catalog\view\theme\default\template\information\contact.tpl on line 128
2016-11-14 13:18:26 - PHP Notice:  Undefined variable: site_key in C:\Server\OpenServer\domains\adastra.local\catalog\view\theme\default\template\information\contact.tpl on line 128
2016-11-14 13:19:34 - PHP Notice:  Undefined variable: site_key in C:\Server\OpenServer\domains\adastra.local\catalog\view\theme\default\template\information\contact.tpl on line 139
2016-11-14 13:20:02 - PHP Notice:  Undefined variable: site_key in C:\Server\OpenServer\domains\adastra.local\catalog\view\theme\default\template\information\contact.tpl on line 139
2016-11-14 13:20:05 - PHP Notice:  Undefined variable: site_key in C:\Server\OpenServer\domains\adastra.local\catalog\view\theme\default\template\information\contact.tpl on line 139
2016-11-14 13:20:42 - PHP Notice:  Undefined variable: site_key in C:\Server\OpenServer\domains\adastra.local\catalog\view\theme\default\template\information\contact.tpl on line 137
2016-11-14 13:22:23 - PHP Notice:  Undefined variable: site_key in C:\Server\OpenServer\domains\adastra.local\catalog\view\theme\default\template\information\contact.tpl on line 137
2016-11-14 13:24:29 - PHP Notice:  Undefined variable: site_key in C:\Server\OpenServer\domains\adastra.local\catalog\view\theme\default\template\information\contact.tpl on line 129
2016-11-14 13:26:05 - PHP Notice:  Undefined variable: site_key in C:\Server\OpenServer\domains\adastra.local\catalog\view\theme\default\template\information\contact.tpl on line 129
2016-11-14 13:26:33 - PHP Notice:  Undefined variable: site_key in C:\Server\OpenServer\domains\adastra.local\catalog\view\theme\default\template\information\contact.tpl on line 129
2016-11-14 13:48:25 - PHP Notice:  Undefined variable: site_key in C:\Server\OpenServer\domains\adastra.local\catalog\view\theme\default\template\information\contact.tpl on line 73
